
2023/04/12 (19:59:58) | ===> btop++ v.1.2.13
2023/04/12 (19:59:58) | ERROR: Invalid hex value: 89dceb

# Process box color gradient for threads, mem and cpu usage (Sapphire -> Mauve)
theme[process_start]=
2023/04/12 (20:00:11) | ERROR: Invalid hex value: 89dceb

# Process box color gradient for threads, mem and cpu usage (Sapphire -> Mauve)
theme[process_start]=
2023/04/12 (20:00:13) | ERROR: Invalid hex value: 89dceb

# Process box color gradient for threads, mem and cpu usage (Sapphire -> Mauve)
theme[process_start]=

2023/04/12 (20:00:27) | ===> btop++ v.1.2.13
2023/04/12 (20:00:27) | ERROR: Invalid hex value: 40a02b
theme[temp_mid]=
2023/04/12 (20:00:29) | ERROR: Invalid hex value: 89dceb

# Process box color gradient for threads, mem and cpu usage (Sapphire -> Mauve)
theme[process_start]=

2023/04/12 (20:00:33) | ===> btop++ v.1.2.13
2023/04/12 (20:00:33) | ERROR: Invalid hex value: 89dceb

# Process box color gradient for threads, mem and cpu usage (Sapphire -> Mauve)
theme[process_start]=

2023/04/19 (20:30:23) | ===> btop++ v.1.2.13
2023/04/19 (20:30:23) | ERROR: Invalid hex value: 40a02b
theme[temp_mid]=

2023/04/19 (20:30:27) | ===> btop++ v.1.2.13
2023/04/19 (20:30:27) | ERROR: Invalid hex value: 40a02b
theme[temp_mid]=
2023/04/19 (20:30:37) | ERROR: Invalid hex value: 40a02b
theme[temp_mid]=

2023/04/19 (20:30:54) | ===> btop++ v.1.2.13
2023/04/19 (20:30:54) | ERROR: Invalid hex value: 40a02b
theme[temp_mid]=
2023/04/19 (20:30:55) | ERROR: Invalid hex value: 89dceb

# Process box color gradient for threads, mem and cpu usage (Sapphire -> Mauve)
theme[process_start]=

2023/04/19 (20:31:03) | ===> btop++ v.1.2.13
2023/04/19 (20:31:03) | ERROR: Invalid hex value: 89dceb

# Process box color gradient for threads, mem and cpu usage (Sapphire -> Mauve)
theme[process_start]=

2023/04/24 (14:46:33) | ===> btop++ v.1.2.13
2023/04/24 (14:46:33) | ERROR: Invalid hex value: 89dceb

# Process box color gradient for threads, mem and cpu usage (Sapphire -> Mauve)
theme[process_start]=

2023/05/03 (11:52:13) | ===> btop++ v.1.2.13
2023/05/03 (11:52:13) | ERROR: Invalid hex value: 89dceb

# Process box color gradient for threads, mem and cpu usage (Sapphire -> Mauve)
theme[process_start]=
2023/05/03 (11:52:15) | ERROR: Invalid hex value: 89dceb

# Process box color gradient for threads, mem and cpu usage (Sapphire -> Mauve)
theme[process_start]=
2023/05/03 (11:52:17) | ERROR: Invalid hex value: 40a02b
theme[temp_mid]=
2023/05/03 (11:52:45) | ERROR: Invalid hex value: 40a02b
theme[temp_mid]=

2023/05/03 (12:48:34) | ===> btop++ v.1.2.13
2023/05/03 (12:48:34) | ERROR: Invalid hex value: 40a02b
theme[temp_mid]=

2023/05/03 (13:48:55) | ===> btop++ v.1.2.13
2023/05/03 (13:48:55) | ERROR: Invalid hex value: 40a02b
theme[temp_mid]=

2023/05/03 (15:36:35) | ===> btop++ v.1.2.13
2023/05/03 (15:36:35) | ERROR: Invalid hex value: 89dceb

# Process box color gradient for threads, mem and cpu usage (Sapphire -> Mauve)
theme[process_start]=

2023/05/03 (17:12:32) | ===> btop++ v.1.2.13
2023/05/03 (17:12:32) | ERROR: Invalid hex value: 89dceb

# Process box color gradient for threads, mem and cpu usage (Sapphire -> Mauve)
theme[process_start]=

2023/05/03 (21:06:29) | ===> btop++ v.1.2.13
2023/05/03 (21:06:29) | ERROR: Invalid hex value: 89dceb

# Process box color gradient for threads, mem and cpu usage (Sapphire -> Mauve)
theme[process_start]=

2023/05/04 (15:08:34) | ===> btop++ v.1.2.13
2023/05/04 (15:08:34) | ERROR: Invalid hex value: 89dceb

# Process box color gradient for threads, mem and cpu usage (Sapphire -> Mauve)
theme[process_start]=
2023/05/04 (15:08:37) | ERROR: Invalid hex value: 40a02b
theme[temp_mid]=

2023/05/04 (19:23:52) | ===> btop++ v.1.2.13
2023/05/04 (19:23:52) | ERROR: Invalid hex value: 40a02b
theme[temp_mid]=
2023/05/04 (19:23:53) | ERROR: Invalid hex value: 89dceb

# Process box color gradient for threads, mem and cpu usage (Sapphire -> Mauve)
theme[process_start]=

2023/05/05 (11:11:21) | ===> btop++ v.1.2.13
2023/05/05 (11:11:21) | ERROR: Invalid hex value: 40a02b
theme[temp_mid]=
2023/05/05 (11:11:22) | ERROR: Invalid hex value: 89dceb

# Process box color gradient for threads, mem and cpu usage (Sapphire -> Mauve)
theme[process_start]=

2023/05/10 (20:42:41) | ===> btop++ v.1.2.13
2023/05/10 (20:42:41) | ERROR: Invalid hex value: 40a02b
theme[temp_mid]=
2023/05/10 (20:42:42) | ERROR: Invalid hex value: 89dceb

# Process box color gradient for threads, mem and cpu usage (Sapphire -> Mauve)
theme[process_start]=

2023/05/20 (17:14:24) | ===> btop++ v.1.2.13
2023/05/20 (17:14:24) | ERROR: Invalid hex value: 89dceb

# Process box color gradient for threads, mem and cpu usage (Sapphire -> Mauve)
theme[process_start]=

2023/05/20 (17:14:48) | ===> btop++ v.1.2.13
2023/05/20 (17:14:48) | ERROR: Invalid hex value: 89dceb

# Process box color gradient for threads, mem and cpu usage (Sapphire -> Mauve)
theme[process_start]=

2023/05/20 (20:51:04) | ===> btop++ v.1.2.13
2023/05/20 (20:51:04) | ERROR: Invalid hex value: 89dceb

# Process box color gradient for threads, mem and cpu usage (Sapphire -> Mauve)
theme[process_start]=

2023/05/20 (22:08:37) | ===> btop++ v.1.2.13
2023/05/20 (22:08:37) | ERROR: Invalid hex value: 89dceb

# Process box color gradient for threads, mem and cpu usage (Sapphire -> Mauve)
theme[process_start]=

2023/05/21 (21:08:07) | ===> btop++ v.1.2.13
2023/05/21 (21:08:07) | ERROR: Invalid hex value: 89dceb

# Process box color gradient for threads, mem and cpu usage (Sapphire -> Mauve)
theme[process_start]=

2023/05/22 (14:26:15) | ===> btop++ v.1.2.13
2023/05/22 (14:26:15) | ERROR: Invalid hex value: 89dceb

# Process box color gradient for threads, mem and cpu usage (Sapphire -> Mauve)
theme[process_start]=

2023/05/22 (16:33:35) | ===> btop++ v.1.2.13
2023/05/22 (16:33:35) | ERROR: Invalid hex value: 89dceb

# Process box color gradient for threads, mem and cpu usage (Sapphire -> Mauve)
theme[process_start]=
2023/05/22 (16:34:34) | ERROR: Invalid hex value: 40a02b
theme[temp_mid]=
2023/05/22 (16:34:44) | ERROR: Invalid hex value: 40a02b
theme[temp_mid]=
2023/05/22 (16:34:45) | ERROR: Invalid hex value: 89dceb

# Process box color gradient for threads, mem and cpu usage (Sapphire -> Mauve)
theme[process_start]=

2023/05/22 (20:55:37) | ===> btop++ v.1.2.13
2023/05/22 (20:55:37) | ERROR: Invalid hex value: 89dceb

# Process box color gradient for threads, mem and cpu usage (Sapphire -> Mauve)
theme[process_start]=
2023/05/22 (20:55:40) | ERROR: Invalid hex value: 40a02b
theme[temp_mid]=

2023/05/22 (20:57:55) | ===> btop++ v.1.2.13
2023/05/22 (20:57:55) | ERROR: Invalid hex value: 89dceb

# Process box color gradient for threads, mem and cpu usage (Sapphire -> Mauve)
theme[process_start]=
2023/05/22 (20:58:04) | ERROR: Invalid hex value: 40a02b
theme[temp_mid]=

2023/05/22 (21:32:19) | ===> btop++ v.1.2.13
2023/05/22 (21:32:19) | ERROR: Invalid hex value: 40a02b
theme[temp_mid]=
2023/05/22 (21:32:21) | ERROR: Invalid hex value: 89dceb

# Process box color gradient for threads, mem and cpu usage (Sapphire -> Mauve)
theme[process_start]=

2023/05/22 (21:32:25) | ===> btop++ v.1.2.13
2023/05/22 (21:32:25) | ERROR: Invalid hex value: 89dceb

# Process box color gradient for threads, mem and cpu usage (Sapphire -> Mauve)
theme[process_start]=

2023/05/24 (08:48:35) | ===> btop++ v.1.2.13
2023/05/24 (08:48:35) | ERROR: Invalid hex value: 89dceb

# Process box color gradient for threads, mem and cpu usage (Sapphire -> Mauve)
theme[process_start]=

2023/05/24 (09:23:01) | ===> btop++ v.1.2.13
2023/05/24 (09:23:01) | ERROR: Invalid hex value: 89dceb

# Process box color gradient for threads, mem and cpu usage (Sapphire -> Mauve)
theme[process_start]=

2023/05/24 (15:35:18) | ===> btop++ v.1.2.13
2023/05/24 (15:35:18) | ERROR: Invalid hex value: 89dceb

# Process box color gradient for threads, mem and cpu usage (Sapphire -> Mauve)
theme[process_start]=

2023/05/24 (20:38:02) | ===> btop++ v.1.2.13
2023/05/24 (20:38:02) | ERROR: Invalid hex value: 89dceb

# Process box color gradient for threads, mem and cpu usage (Sapphire -> Mauve)
theme[process_start]=
2023/05/24 (20:38:08) | ERROR: Invalid hex value: 40a02b
theme[temp_mid]=
